<?xml version="1.0" encoding="UTF-8"?>
<!-- Generated by org.testng.reporters.JUnitXMLReporter -->
<testsuite hostname="DESKTOP-M096LDG" name="Default test(failed)" tests="1" failures="1" timestamp="14 Nov 2019 04:04:32 GMT" time="19.772" errors="0">
  <testcase name="OPenBrowser" time="19.72" classname="Collections.ListElements">
    <failure type="java.lang.IndexOutOfBoundsException" message="Index: 2, Size: 1">
      <![CDATA[java.lang.IndexOutOfBoundsException: Index: 2, Size: 1
	at java.util.ArrayList.rangeCheck(ArrayList.java:657)
	at java.util.ArrayList.get(ArrayList.java:433)
	at Collections.ListElements.OPenBrowser(ListElements.java:37)
... Removed 25 stack frames]]>
    </failure>
  </testcase> <!-- OPenBrowser -->
</testsuite> <!-- Default test(failed) -->
