<?xml version="1.0" encoding="UTF-8"?>
<!-- Generated by org.testng.reporters.JUnitXMLReporter -->
<testsuite hostname="DESKTOP-M096LDG" tests="0" failures="0" timestamp="14 Nov 2019 05:41:31 GMT" time="17.746" errors="0">
  <testcase name="@BeforeTest CrossBrowser" time="0.0" classname="DataDriven.TestBase">
    <failure type="java.lang.IllegalStateException" message="The driver executable does not exist: C:\Users\hp\eclipse-workspace\Project\.\MicrosoftWebDriver.exe">
      <![CDATA[java.lang.IllegalStateException: The driver executable does not exist: C:\Users\hp\eclipse-workspace\Project\.\MicrosoftWebDriver.exe
	at com.google.common.base.Preconditions.checkState(Preconditions.java:199)
	at org.openqa.selenium.remote.service.DriverService.checkExecutable(DriverService.java:121)
	at org.openqa.selenium.remote.service.DriverService.findExecutable(DriverService.java:116)
	at org.openqa.selenium.edge.EdgeDriverService.access$000(EdgeDriverService.java:33)
	at org.openqa.selenium.edge.EdgeDriverService$Builder.findDefaultExecutable(EdgeDriverService.java:63)
	at org.openqa.selenium.remote.service.DriverService$Builder.build(DriverService.java:296)
	at org.openqa.selenium.edge.EdgeDriverService.createDefaultService(EdgeDriverService.java:55)
	at org.openqa.selenium.edge.EdgeDriver.<init>(EdgeDriver.java:98)
	at DataDriven.TestBase.CrossBrowser(TestBase.java:54)
	at java.util.concurrent.FutureTask.run(FutureTask.java:266)
	at java.util.concurrent.ThreadPoolExecutor.runWorker(ThreadPoolExecutor.java:1149)
	at java.util.concurrent.ThreadPoolExecutor$Worker.run(ThreadPoolExecutor.java:624)
	at java.lang.Thread.run(Thread.java:748)
... Removed 14 stack frames]]>
    </failure>
  </testcase> <!-- @BeforeTest CrossBrowser -->
</testsuite>
